<?xml version="1.0" encoding="UTF-8"?>
<!-- Generated by org.testng.reporters.JUnitXMLReporter -->
<testsuite ignored="0" hostname="663b7b1ef8e8" failures="0" tests="4" name="Surefire test" time="44.06" errors="0" timestamp="2025-10-15T16:05:20 UTC">
  <testcase classname="com.demo.tests.CartTest" name="addToCart" time="7.078"/>
  <testcase classname="com.demo.tests.CheckoutTest" name="completeCheckOut" time="2.092"/>
  <testcase classname="com.demo.tests.LoginTest" name="invaldLogin" time="1.415"/>
  <testcase classname="com.demo.tests.LoginTest" name="validLogin" time="6.426"/>
</testsuite> <!-- Surefire test -->
