<?xml version="1.0" encoding="UTF-8"?>
<!-- Generated by org.testng.reporters.JUnitXMLReporter -->
<testsuite ignored="0" hostname="TINTU" failures="0" tests="4" name="Surefire test" time="26.024" errors="0" timestamp="2025-10-06T14:52:55 IST">
  <testcase classname="com.demo.tests.CartTest" name="addToCart" time="6.312"/>
  <testcase classname="com.demo.tests.CheckoutTest" name="completeCheckOut" time="1.694"/>
  <testcase classname="com.demo.tests.LoginTest" name="invaldLogin" time="0.444"/>
  <testcase classname="com.demo.tests.LoginTest" name="validLogin" time="5.6"/>
</testsuite> <!-- Surefire test -->
